<?xml version="1.0" encoding="UTF-8"?>
<testng-results skipped="0" failed="0" ignored="0" total="1" passed="1">
  <reporter-output>
  </reporter-output>
  <suite name="Default suite" duration-ms="497" started-at="2020-04-11T17:05:23 EDT" finished-at="2020-04-11T17:05:23 EDT">
    <groups>
    </groups>
    <test name="Default test" duration-ms="497" started-at="2020-04-11T17:05:23 EDT" finished-at="2020-04-11T17:05:23 EDT">
      <class name="Com.SMB.TestCase.ManagerFeature.ManagerFeature">
        <test-method status="PASS" signature="setUps()[pri:0, instance:Com.SMB.TestCase.ManagerFeature.ManagerFeature@696da30b]" name="setUps" is-config="true" duration-ms="6892" started-at="2020-04-11T17:05:16 EDT" finished-at="2020-04-11T17:05:23 EDT">
          <reporter-output>
          </reporter-output>
        </test-method> <!-- setUps -->
        <test-method status="PASS" signature="LaunchingUrl()[pri:0, instance:Com.SMB.TestCase.ManagerFeature.ManagerFeature@696da30b]" name="LaunchingUrl" duration-ms="457" started-at="2020-04-11T17:05:23 EDT" finished-at="2020-04-11T17:05:23 EDT">
          <reporter-output>
          </reporter-output>
        </test-method> <!-- LaunchingUrl -->
        <test-method status="PASS" signature="teardown()[pri:0, instance:Com.SMB.TestCase.ManagerFeature.ManagerFeature@696da30b]" name="teardown" is-config="true" duration-ms="683" started-at="2020-04-11T17:05:23 EDT" finished-at="2020-04-11T17:05:24 EDT">
          <reporter-output>
          </reporter-output>
        </test-method> <!-- teardown -->
      </class> <!-- Com.SMB.TestCase.ManagerFeature.ManagerFeature -->
    </test> <!-- Default test -->
  </suite> <!-- Default suite -->
</testng-results>
